0 info it worked if it ends with ok
1 verbose cli [ 'C:\\Program Files\\nodejs\\node.exe',
1 verbose cli   'C:\\Program Files\\nodejs\\node_modules\\npm\\bin\\npm-cli.js',
1 verbose cli   'start' ]
2 info using npm@4.1.2
3 info using node@v7.7.3
4 verbose run-script [ 'prestart', 'start', 'poststart' ]
5 info lifecycle basic-auth-app@0.0.0~prestart: basic-auth-app@0.0.0
6 silly lifecycle basic-auth-app@0.0.0~prestart: no script for prestart, continuing
7 info lifecycle basic-auth-app@0.0.0~start: basic-auth-app@0.0.0
8 verbose lifecycle basic-auth-app@0.0.0~start: unsafe-perm in lifecycle true
9 verbose lifecycle basic-auth-app@0.0.0~start: PATH: C:\Users\florianb\AppData\Roaming\nvm\v7.7.3\node_modules\npm\bin\node-gyp-bin;C:\projects\omm-ws1920-team\08-auth-db\basic-auth-app-jwt\node_modules\.bin;C:\Program Files (x86)\Common Files\Oracle\Java\javapath;C:\WINDOWS\system32;C:\WINDOWS;C:\WINDOWS\System32\Wbem;C:\WINDOWS\System32\WindowsPowerShell\v1.0\;C:\WINDOWS\System32\OpenSSH\;C:\Program Files\Git\cmd;C:\Program Files\PuTTY\;C:\Program Files\TortoiseSVN\bin;C:\Program Files (x86)\ngrok;C:\Program Files\MariaDB 10.3\bin;C:\Program Files\Java\jdk1.8.0_212\bin;C:\Users\florianb\AppData\Roaming\nvm;C:\Program Files\nodejs;C:\Program Files\Intel\WiFi\bin\;C:\Program Files\Common Files\Intel\WirelessCommon\;C:\Program Files (x86)\Intel\Intel(R) Management Engine Components\DAL;C:\Program Files\Intel\Intel(R) Management Engine Components\DAL;C:\Program Files (x86)\Google\chromedriver;C:\Users\florianb\AppData\Local\Android\Sdk\platform-tools;C:\Users\florianb\AppData\Local\Programs\Python\Python37-32\Scripts\;C:\Users\florianb\AppData\Local\Programs\Python\Python37-32\;C:\Users\florianb\AppData\Local\Microsoft\WindowsApps;C:\Users\florianb\AppData\Local\Programs\MiKTeX 2.9\miktex\bin\x64\;C:\Users\florianb\AppData\Roaming\nvm;C:\Program Files\nodejs;C:\Users\florianb\AppData\Local\Programs\Microsoft VS Code\bin
10 verbose lifecycle basic-auth-app@0.0.0~start: CWD: C:\projects\omm-ws1920-team\08-auth-db\basic-auth-app-jwt
11 silly lifecycle basic-auth-app@0.0.0~start: Args: [ '/d /s /c', 'node ./bin/www' ]
12 silly lifecycle basic-auth-app@0.0.0~start: Returned: code: 3221225786  signal: null
13 info lifecycle basic-auth-app@0.0.0~start: Failed to exec start script
14 verbose stack Error: basic-auth-app@0.0.0 start: `node ./bin/www`
14 verbose stack Exit status 3221225786
14 verbose stack     at EventEmitter.<anonymous> (C:\Users\florianb\AppData\Roaming\nvm\v7.7.3\node_modules\npm\lib\utils\lifecycle.js:279:16)
14 verbose stack     at emitTwo (events.js:106:13)
14 verbose stack     at EventEmitter.emit (events.js:194:7)
14 verbose stack     at ChildProcess.<anonymous> (C:\Users\florianb\AppData\Roaming\nvm\v7.7.3\node_modules\npm\lib\utils\spawn.js:40:14)
14 verbose stack     at emitTwo (events.js:106:13)
14 verbose stack     at ChildProcess.emit (events.js:194:7)
14 verbose stack     at maybeClose (internal/child_process.js:899:16)
14 verbose stack     at Process.ChildProcess._handle.onexit (internal/child_process.js:226:5)
15 verbose pkgid basic-auth-app@0.0.0
16 verbose cwd C:\projects\omm-ws1920-team\08-auth-db\basic-auth-app-jwt
17 error Windows_NT 10.0.18362
18 error argv "C:\\Program Files\\nodejs\\node.exe" "C:\\Program Files\\nodejs\\node_modules\\npm\\bin\\npm-cli.js" "start"
19 error node v7.7.3
20 error npm  v4.1.2
21 error code ELIFECYCLE
22 error basic-auth-app@0.0.0 start: `node ./bin/www`
22 error Exit status 3221225786
23 error Failed at the basic-auth-app@0.0.0 start script 'node ./bin/www'.
23 error Make sure you have the latest version of node.js and npm installed.
23 error If you do, this is most likely a problem with the basic-auth-app package,
23 error not with npm itself.
23 error Tell the author that this fails on your system:
23 error     node ./bin/www
23 error You can get information on how to open an issue for this project with:
23 error     npm bugs basic-auth-app
23 error Or if that isn't available, you can get their info via:
23 error     npm owner ls basic-auth-app
23 error There is likely additional logging output above.
24 verbose exit [ 1, true ]
